<?xml version="1.0" encoding="UTF-8"?>
<testng-results skipped="0" failed="0" ignored="0" total="1" passed="1">
  <reporter-output>
  </reporter-output>
  <suite name="Booking.com_Suite" duration-ms="37271" started-at="2019-02-11T08:52:50Z" finished-at="2019-02-11T08:53:27Z">
    <groups>
    </groups>
    <test name="Perform_Reservation_Tests" duration-ms="37271" started-at="2019-02-11T08:52:50Z" finished-at="2019-02-11T08:53:27Z">
      <class name="ReserveBookingTest">
        <test-method status="PASS" signature="createDriver(java.lang.String)[pri:0, instance:ReserveBookingTest@239963d8]" name="createDriver" is-config="true" duration-ms="3036" started-at="2019-02-11T08:52:50Z" finished-at="2019-02-11T08:52:53Z">
          <params>
            <param index="0">
              <value>
                <![CDATA[chrome]]>
              </value>
            </param>
          </params>
          <reporter-output>
          </reporter-output>
        </test-method> <!-- createDriver -->
        <test-method status="PASS" signature="init(java.lang.String, java.lang.String)[pri:0, instance:ReserveBookingTest@239963d8]" name="init" is-config="true" duration-ms="10488" started-at="2019-02-11T08:52:53Z" finished-at="2019-02-11T08:53:04Z">
          <params>
            <param index="0">
              <value>
                <![CDATA[https://www.booking.com]]>
              </value>
            </param>
            <param index="1">
              <value>
                <![CDATA[chrome]]>
              </value>
            </param>
          </params>
          <reporter-output>
          </reporter-output>
        </test-method> <!-- init -->
        <test-method status="PASS" signature="bookReservation(java.lang.String, java.lang.String)[pri:1, instance:ReserveBookingTest@239963d8]" name="bookReservation" duration-ms="23406" started-at="2019-02-11T08:53:04Z" finished-at="2019-02-11T08:53:27Z">
          <params>
            <param index="0">
              <value>
                <![CDATA[Los Angeles]]>
              </value>
            </param>
            <param index="1">
              <value>
                <![CDATA[1]]>
              </value>
            </param>
          </params>
          <reporter-output>
          </reporter-output>
        </test-method> <!-- bookReservation -->
        <test-method status="PASS" signature="createAndStopService()[pri:0, instance:ReserveBookingTest@239963d8]" name="createAndStopService" is-config="true" duration-ms="1" started-at="2019-02-11T08:53:27Z" finished-at="2019-02-11T08:53:27Z">
          <reporter-output>
          </reporter-output>
        </test-method> <!-- createAndStopService -->
        <test-method status="PASS" signature="quitDriver()[pri:0, instance:ReserveBookingTest@239963d8]" name="quitDriver" is-config="true" duration-ms="298" started-at="2019-02-11T08:53:27Z" finished-at="2019-02-11T08:53:27Z">
          <reporter-output>
          </reporter-output>
        </test-method> <!-- quitDriver -->
      </class> <!-- ReserveBookingTest -->
    </test> <!-- Perform_Reservation_Tests -->
  </suite> <!-- Booking.com_Suite -->
</testng-results>
